0 info it worked if it ends with ok
1 verbose cli [ 'E:\\nodejs\\node.exe',
1 verbose cli   'E:\\nodejs\\node_modules\\npm\\bin\\npm-cli.js',
1 verbose cli   'install',
1 verbose cli   'typescript',
1 verbose cli   '-g' ]
2 info using npm@3.10.8
3 info using node@v7.0.0
4 silly loadCurrentTree Starting
5 silly install loadCurrentTree
6 silly install readGlobalPackageData
7 silly fetchPackageMetaData typescript
8 silly fetchNamedPackageData typescript
9 silly mapToRegistry name typescript
10 silly mapToRegistry using default registry
11 silly mapToRegistry registry https://registry.npmjs.org/
12 silly mapToRegistry data Result {
12 silly mapToRegistry   raw: 'typescript',
12 silly mapToRegistry   scope: null,
12 silly mapToRegistry   escapedName: 'typescript',
12 silly mapToRegistry   name: 'typescript',
12 silly mapToRegistry   rawSpec: '',
12 silly mapToRegistry   spec: 'latest',
12 silly mapToRegistry   type: 'tag' }
13 silly mapToRegistry uri https://registry.npmjs.org/typescript
14 verbose request uri https://registry.npmjs.org/typescript
15 verbose request no auth needed
16 info attempt registry request try #1 at 7:16:22 PM
17 verbose request id fccf9959b306d6ed
18 http request GET https://registry.npmjs.org/typescript
19 info retry will retry, error on last attempt: Error: write EPROTO 101057795:error:1408D07B:SSL routines:ssl3_get_key_exchange:bad signature:openssl\ssl\s3_clnt.c:2010:
20 info attempt registry request try #2 at 7:16:32 PM
21 http request GET https://registry.npmjs.org/typescript
22 info retry will retry, error on last attempt: Error: write EPROTO 101057795:error:1408D07B:SSL routines:ssl3_get_key_exchange:bad signature:openssl\ssl\s3_clnt.c:2010:
23 info attempt registry request try #3 at 7:17:32 PM
24 http request GET https://registry.npmjs.org/typescript
25 silly fetchPackageMetaData Error: write EPROTO 101057795:error:1408D07B:SSL routines:ssl3_get_key_exchange:bad signature:openssl\ssl\s3_clnt.c:2010:
25 silly fetchPackageMetaData
25 silly fetchPackageMetaData     at exports._errnoException (util.js:1026:11)
25 silly fetchPackageMetaData     at WriteWrap.afterWrite [as oncomplete] (net.js:804:14)
25 silly fetchPackageMetaData  error for typescript { Error: write EPROTO 101057795:error:1408D07B:SSL routines:ssl3_get_key_exchange:bad signature:openssl\ssl\s3_clnt.c:2010:
25 silly fetchPackageMetaData
25 silly fetchPackageMetaData     at exports._errnoException (util.js:1026:11)
25 silly fetchPackageMetaData     at WriteWrap.afterWrite [as oncomplete] (net.js:804:14) code: 'EPROTO', errno: 'EPROTO', syscall: 'write' }
26 silly rollbackFailedOptional Starting
27 silly rollbackFailedOptional Finishing
28 silly runTopLevelLifecycles Finishing
29 silly install printInstalled
30 verbose stack Error: write EPROTO 101057795:error:1408D07B:SSL routines:ssl3_get_key_exchange:bad signature:openssl\ssl\s3_clnt.c:2010:
30 verbose stack
30 verbose stack     at exports._errnoException (util.js:1026:11)
30 verbose stack     at WriteWrap.afterWrite [as oncomplete] (net.js:804:14)
31 verbose cwd E:\xampp\htdocs\typescriptest
32 error Windows_NT 10.0.22000
33 error argv "E:\\nodejs\\node.exe" "E:\\nodejs\\node_modules\\npm\\bin\\npm-cli.js" "install" "typescript" "-g"
34 error node v7.0.0
35 error npm  v3.10.8
36 error code EPROTO
37 error errno EPROTO
38 error syscall write
39 error write EPROTO 101057795:error:1408D07B:SSL routines:ssl3_get_key_exchange:bad signature:openssl\ssl\s3_clnt.c:2010:
40 error If you need help, you may report this error at:
40 error     <https://github.com/npm/npm/issues>
41 verbose exit [ 1, true ]
